0 info it worked if it ends with ok
1 verbose cli [ 'node', '/usr/local/bin/npm', 'publish' ]
2 info using npm@1.3.24
3 info using node@v0.10.25
4 verbose publish [ '.' ]
5 verbose cache add [ '.', null ]
6 verbose cache add name=undefined spec="." args=[".",null]
7 verbose parsed url { protocol: null,
7 verbose parsed url   slashes: null,
7 verbose parsed url   auth: null,
7 verbose parsed url   host: null,
7 verbose parsed url   port: null,
7 verbose parsed url   hostname: null,
7 verbose parsed url   hash: null,
7 verbose parsed url   search: null,
7 verbose parsed url   query: null,
7 verbose parsed url   pathname: '.',
7 verbose parsed url   path: '.',
7 verbose parsed url   href: '.' }
8 silly lockFile 3a52ce78- .
9 verbose lock . /Users/jwachter/.npm/3a52ce78-.lock
10 verbose tar pack [ '/var/folders/zh/4g3n1ggs0z7fj3rm_vwcy8840000gn/T/npm-2779-k_6pir6k/1396443549587-0.5686949675437063/tmp.tgz',
10 verbose tar pack   '.' ]
11 verbose tarball /var/folders/zh/4g3n1ggs0z7fj3rm_vwcy8840000gn/T/npm-2779-k_6pir6k/1396443549587-0.5686949675437063/tmp.tgz
12 verbose folder .
13 info prepublish elasticsearch-setup@0.0.3
14 silly lockFile 1f1177db-tar tar://.
15 verbose lock tar://. /Users/jwachter/.npm/1f1177db-tar.lock
16 silly lockFile efcea147-49587-0-5686949675437063-tmp-tgz tar:///var/folders/zh/4g3n1ggs0z7fj3rm_vwcy8840000gn/T/npm-2779-k_6pir6k/1396443549587-0.5686949675437063/tmp.tgz
17 verbose lock tar:///var/folders/zh/4g3n1ggs0z7fj3rm_vwcy8840000gn/T/npm-2779-k_6pir6k/1396443549587-0.5686949675437063/tmp.tgz /Users/jwachter/.npm/efcea147-49587-0-5686949675437063-tmp-tgz.lock
18 silly lockFile 1f1177db-tar tar://.
19 silly lockFile 1f1177db-tar tar://.
20 silly lockFile efcea147-49587-0-5686949675437063-tmp-tgz tar:///var/folders/zh/4g3n1ggs0z7fj3rm_vwcy8840000gn/T/npm-2779-k_6pir6k/1396443549587-0.5686949675437063/tmp.tgz
21 silly lockFile efcea147-49587-0-5686949675437063-tmp-tgz tar:///var/folders/zh/4g3n1ggs0z7fj3rm_vwcy8840000gn/T/npm-2779-k_6pir6k/1396443549587-0.5686949675437063/tmp.tgz
22 verbose tar unpack /var/folders/zh/4g3n1ggs0z7fj3rm_vwcy8840000gn/T/npm-2779-k_6pir6k/1396443549587-0.5686949675437063/tmp.tgz
23 silly lockFile b3f27067-49587-0-5686949675437063-package tar:///var/folders/zh/4g3n1ggs0z7fj3rm_vwcy8840000gn/T/npm-2779-k_6pir6k/1396443549587-0.5686949675437063/package
24 verbose lock tar:///var/folders/zh/4g3n1ggs0z7fj3rm_vwcy8840000gn/T/npm-2779-k_6pir6k/1396443549587-0.5686949675437063/package /Users/jwachter/.npm/b3f27067-49587-0-5686949675437063-package.lock
25 silly lockFile efcea147-49587-0-5686949675437063-tmp-tgz tar:///var/folders/zh/4g3n1ggs0z7fj3rm_vwcy8840000gn/T/npm-2779-k_6pir6k/1396443549587-0.5686949675437063/tmp.tgz
26 verbose lock tar:///var/folders/zh/4g3n1ggs0z7fj3rm_vwcy8840000gn/T/npm-2779-k_6pir6k/1396443549587-0.5686949675437063/tmp.tgz /Users/jwachter/.npm/efcea147-49587-0-5686949675437063-tmp-tgz.lock
27 silly gunzTarPerm modes [ '755', '644' ]
28 silly gunzTarPerm extractEntry package.json
29 silly gunzTarPerm extractEntry .npmignore
30 silly gunzTarPerm extractEntry README.md
31 silly gunzTarPerm extractEntry bin/essetup
32 silly gunzTarPerm extractEntry lib/elasticsearch.js
33 silly gunzTarPerm extractEntry lib/essetup.js
34 silly gunzTarPerm extractEntry lib/getConfig.js
35 silly gunzTarPerm extractEntry lib/logger.js
36 silly lockFile b3f27067-49587-0-5686949675437063-package tar:///var/folders/zh/4g3n1ggs0z7fj3rm_vwcy8840000gn/T/npm-2779-k_6pir6k/1396443549587-0.5686949675437063/package
37 silly lockFile b3f27067-49587-0-5686949675437063-package tar:///var/folders/zh/4g3n1ggs0z7fj3rm_vwcy8840000gn/T/npm-2779-k_6pir6k/1396443549587-0.5686949675437063/package
38 silly lockFile efcea147-49587-0-5686949675437063-tmp-tgz tar:///var/folders/zh/4g3n1ggs0z7fj3rm_vwcy8840000gn/T/npm-2779-k_6pir6k/1396443549587-0.5686949675437063/tmp.tgz
39 silly lockFile efcea147-49587-0-5686949675437063-tmp-tgz tar:///var/folders/zh/4g3n1ggs0z7fj3rm_vwcy8840000gn/T/npm-2779-k_6pir6k/1396443549587-0.5686949675437063/tmp.tgz
40 verbose tar pack [ '/Users/jwachter/.npm/elasticsearch-setup/0.0.3/package.tgz',
40 verbose tar pack   '/var/folders/zh/4g3n1ggs0z7fj3rm_vwcy8840000gn/T/npm-2779-k_6pir6k/1396443549587-0.5686949675437063/package' ]
41 verbose tarball /Users/jwachter/.npm/elasticsearch-setup/0.0.3/package.tgz
42 verbose folder /var/folders/zh/4g3n1ggs0z7fj3rm_vwcy8840000gn/T/npm-2779-k_6pir6k/1396443549587-0.5686949675437063/package
43 silly lockFile b3f27067-49587-0-5686949675437063-package tar:///var/folders/zh/4g3n1ggs0z7fj3rm_vwcy8840000gn/T/npm-2779-k_6pir6k/1396443549587-0.5686949675437063/package
44 verbose lock tar:///var/folders/zh/4g3n1ggs0z7fj3rm_vwcy8840000gn/T/npm-2779-k_6pir6k/1396443549587-0.5686949675437063/package /Users/jwachter/.npm/b3f27067-49587-0-5686949675437063-package.lock
45 silly lockFile a4e7b445-icsearch-setup-0-0-3-package-tgz tar:///Users/jwachter/.npm/elasticsearch-setup/0.0.3/package.tgz
46 verbose lock tar:///Users/jwachter/.npm/elasticsearch-setup/0.0.3/package.tgz /Users/jwachter/.npm/a4e7b445-icsearch-setup-0-0-3-package-tgz.lock
47 silly lockFile b3f27067-49587-0-5686949675437063-package tar:///var/folders/zh/4g3n1ggs0z7fj3rm_vwcy8840000gn/T/npm-2779-k_6pir6k/1396443549587-0.5686949675437063/package
48 silly lockFile b3f27067-49587-0-5686949675437063-package tar:///var/folders/zh/4g3n1ggs0z7fj3rm_vwcy8840000gn/T/npm-2779-k_6pir6k/1396443549587-0.5686949675437063/package
49 silly lockFile a4e7b445-icsearch-setup-0-0-3-package-tgz tar:///Users/jwachter/.npm/elasticsearch-setup/0.0.3/package.tgz
50 silly lockFile a4e7b445-icsearch-setup-0-0-3-package-tgz tar:///Users/jwachter/.npm/elasticsearch-setup/0.0.3/package.tgz
51 silly lockFile 3b34e680-lasticsearch-setup-0-0-3-package /Users/jwachter/.npm/elasticsearch-setup/0.0.3/package
52 verbose lock /Users/jwachter/.npm/elasticsearch-setup/0.0.3/package /Users/jwachter/.npm/3b34e680-lasticsearch-setup-0-0-3-package.lock
53 silly lockFile 3b34e680-lasticsearch-setup-0-0-3-package /Users/jwachter/.npm/elasticsearch-setup/0.0.3/package
54 silly lockFile 3b34e680-lasticsearch-setup-0-0-3-package /Users/jwachter/.npm/elasticsearch-setup/0.0.3/package
55 verbose tar unpack /Users/jwachter/.npm/elasticsearch-setup/0.0.3/package.tgz
56 silly lockFile 9b3d7ece-lasticsearch-setup-0-0-3-package tar:///Users/jwachter/.npm/elasticsearch-setup/0.0.3/package
57 verbose lock tar:///Users/jwachter/.npm/elasticsearch-setup/0.0.3/package /Users/jwachter/.npm/9b3d7ece-lasticsearch-setup-0-0-3-package.lock
58 silly lockFile a4e7b445-icsearch-setup-0-0-3-package-tgz tar:///Users/jwachter/.npm/elasticsearch-setup/0.0.3/package.tgz
59 verbose lock tar:///Users/jwachter/.npm/elasticsearch-setup/0.0.3/package.tgz /Users/jwachter/.npm/a4e7b445-icsearch-setup-0-0-3-package-tgz.lock
60 silly gunzTarPerm modes [ '755', '644' ]
61 silly gunzTarPerm extractEntry package.json
62 silly gunzTarPerm extractEntry .npmignore
63 silly gunzTarPerm extractEntry README.md
64 silly gunzTarPerm extractEntry bin/essetup
65 silly gunzTarPerm extractEntry lib/elasticsearch.js
66 silly gunzTarPerm extractEntry lib/essetup.js
67 silly gunzTarPerm extractEntry lib/getConfig.js
68 silly gunzTarPerm extractEntry lib/logger.js
69 silly lockFile 9b3d7ece-lasticsearch-setup-0-0-3-package tar:///Users/jwachter/.npm/elasticsearch-setup/0.0.3/package
70 silly lockFile 9b3d7ece-lasticsearch-setup-0-0-3-package tar:///Users/jwachter/.npm/elasticsearch-setup/0.0.3/package
71 silly lockFile a4e7b445-icsearch-setup-0-0-3-package-tgz tar:///Users/jwachter/.npm/elasticsearch-setup/0.0.3/package.tgz
72 silly lockFile a4e7b445-icsearch-setup-0-0-3-package-tgz tar:///Users/jwachter/.npm/elasticsearch-setup/0.0.3/package.tgz
73 verbose chmod /Users/jwachter/.npm/elasticsearch-setup/0.0.3/package.tgz 644
74 verbose chown /Users/jwachter/.npm/elasticsearch-setup/0.0.3/package.tgz [ 501, 20 ]
75 silly lockFile 3a52ce78- .
76 silly lockFile 3a52ce78- .
77 silly publish { name: 'elasticsearch-setup',
77 silly publish   version: '0.0.3',
77 silly publish   author: { name: 'Jen Wachter', email: 'jenleighkelly@gmail.com' },
77 silly publish   description: 'Reads settings from files and sets up an elasticsearch node.',
77 silly publish   main: './lib/essetup.js',
77 silly publish   repository:
77 silly publish    { type: 'git',
77 silly publish      url: 'https://github.com/jenwachter/elasticsearch-setup.git' },
77 silly publish   license: 'MIT',
77 silly publish   dependencies: { async: '~0.2.9', request: '~2.27.0', minimist: '0.0.8' },
77 silly publish   bin: { essetup: './bin/essetup' },
77 silly publish   readme: '# Elasticsearch setup\n\nReads settings from files and sets up an elasticsearch node. Currently supports aliases, index settings, and type mapping.\n\n## Usage\n\n```bash\n$ essetup [host] [settingsDir] [--user=username] [--pass=password]\n```\n\n* __host__: fully qualified URL (such as http://localhost:9200)\n* __settingsDir__: location of settings directory relative to where you are running the command (such as ../settings or ./settings)\n* __--user__: (optional) Username for HTTP authorization\n* __--pass__: (optional) Password for HTTP authorization\n\n\n## Settings directory structure\n\n```\nindex_one\n\tmappings\n\t\ttype_one.json\n\t\ttype_two.json\nindex_two\n\tmappings\n\t\ttype_one.json\n\t\ttype_two.json\naliases.json\n```\n\n#### Things to note:\n\n* `index_one` and `index_two` are directories whose names coorespond to the names of the indicies they are to create.\n* `type_one` and `type_two` are files whose names coorespond to the names of the types they are to create within an index. JSON within the type desigations should follow [this structure](http://www.elasticsearch.org/guide/en/elasticsearch/reference/current/indices-put-mapping.html).\n* `aliases.json` should follow [this structure](http://www.elasticsearch.org/guide/en/elasticsearch/reference/current/indices-aliases.html).\n',
77 silly publish   readmeFilename: 'README.md',
77 silly publish   bugs: { url: 'https://github.com/jenwachter/elasticsearch-setup/issues' },
77 silly publish   homepage: 'https://github.com/jenwachter/elasticsearch-setup',
77 silly publish   _id: 'elasticsearch-setup@0.0.3',
77 silly publish   dist: { shasum: '4b973bac48cac3b77f825f6232af1da87ca7ca2c' },
77 silly publish   _from: '.' }
78 verbose url raw elasticsearch-setup
79 verbose url resolving [ 'https://registry.npmjs.org/', './elasticsearch-setup' ]
80 verbose url resolved https://registry.npmjs.org/elasticsearch-setup
81 info trying registry request attempt 1 at 08:59:09
82 http PUT https://registry.npmjs.org/elasticsearch-setup
83 http 403 https://registry.npmjs.org/elasticsearch-setup
84 info trying registry request attempt 1 at 08:59:11
85 http PUT https://registry.npmjs.org/elasticsearch-setup
86 http 403 https://registry.npmjs.org/elasticsearch-setup
87 error publish Failed PUT 403
88 error Error: forbidden Cannot replace previously published version: 0.0.3: elasticsearch-setup
88 error     at RegClient.<anonymous> (/usr/local/lib/node_modules/npm/node_modules/npm-registry-client/lib/request.js:275:14)
88 error     at Request.self.callback (/usr/local/lib/node_modules/npm/node_modules/request/request.js:123:22)
88 error     at Request.EventEmitter.emit (events.js:98:17)
88 error     at Request.<anonymous> (/usr/local/lib/node_modules/npm/node_modules/request/request.js:893:14)
88 error     at Request.EventEmitter.emit (events.js:117:20)
88 error     at IncomingMessage.<anonymous> (/usr/local/lib/node_modules/npm/node_modules/request/request.js:844:12)
88 error     at IncomingMessage.EventEmitter.emit (events.js:117:20)
88 error     at _stream_readable.js:920:16
88 error     at process._tickCallback (node.js:415:13)
89 error If you need help, you may report this *entire* log,
89 error including the npm and node versions, at:
89 error     <http://github.com/isaacs/npm/issues>
90 error System Darwin 13.1.0
91 error command "node" "/usr/local/bin/npm" "publish"
92 error cwd /Users/jwachter/www/my.code/elasticsearch-setup
93 error node -v v0.10.25
94 error npm -v 1.3.24
95 verbose exit [ 1, true ]
